Training completed for 100000 timesteps.
Using device: cpu
Evaluation on training environment over 100 episodes:
Evaluation of the best agent (on timestamp 90000) over 100 episodes:Mean Reward: 0.16, Std Reward: 0.36*All evaluations of all agents in chronological order*
5000 - Mean Reward: 0.09, Std Reward: 0.28
10000 - Mean Reward: 0.06, Std Reward: 0.24
15000 - Mean Reward: 0.10, Std Reward: 0.30
20000 - Mean Reward: 0.10, Std Reward: 0.30
25000 - Mean Reward: 0.00, Std Reward: 0.00
30000 - Mean Reward: 0.12, Std Reward: 0.32
35000 - Mean Reward: 0.00, Std Reward: 0.00
40000 - Mean Reward: 0.13, Std Reward: 0.33
45000 - Mean Reward: 0.00, Std Reward: 0.00
50000 - Mean Reward: 0.11, Std Reward: 0.31
55000 - Mean Reward: 0.10, Std Reward: 0.30
60000 - Mean Reward: 0.11, Std Reward: 0.31
65000 - Mean Reward: 0.08, Std Reward: 0.27
70000 - Mean Reward: 0.00, Std Reward: 0.00
75000 - Mean Reward: 0.07, Std Reward: 0.25
80000 - Mean Reward: 0.08, Std Reward: 0.27
85000 - Mean Reward: 0.05, Std Reward: 0.22
90000 - Mean Reward: 0.16, Std Reward: 0.36
95000 - Mean Reward: 0.08, Std Reward: 0.27
100000 - Mean Reward: 0.00, Std Reward: 0.00